<?xml version="1.0" encoding="UTF-8"?>
<!-- Generated by org.testng.reporters.JUnitReportReporter -->
<testsuite hostname="Asplap3114" failures="0" tests="4" name="parallel.ParallelRun" time="164.989" errors="0" timestamp="2025-03-26T23:19:40 IST" skipped="0">
  <testcase classname="parallel.ParallelRun" name="runScenario" time="43.139"/>
  <testcase classname="parallel.ParallelRun" name="runScenario" time="43.204"/>
  <testcase classname="parallel.ParallelRun" name="runScenario" time="35.444"/>
  <testcase classname="parallel.ParallelRun" name="runScenario" time="43.202"/>
</testsuite> <!-- parallel.ParallelRun -->
